[2026-06-07 06:49:16] 🧩 Navigating to Add Employee page
[2026-06-07 06:49:17] 🧩 Navigating to Admin → User Management
[2026-06-07 06:49:18] 🧩 Entering employee name
[2026-06-07 06:49:18] 🧩 Entering employee details: Ishaan Nair
[2026-06-07 06:49:20] 🧩 Entering username: user_uqjbch
[2026-06-07 06:49:31] 🧩 Navigating to Admin → User Management
[2026-06-07 06:49:32] 🧩 Filling user details
[2026-06-07 06:49:48] 🧩 Navigating to Apply Leave page
[2026-06-07 06:49:50] 🧩 Selecting leave type and date
[2026-06-07 06:50:06] 🧩 Navigating to Employee List page
[2026-06-07 06:50:07] 🧩 Searching for employee to delete: John
[2026-06-07 06:50:23] 🧩 Navigating to Employee Search page
[2026-06-07 07:00:09] 🧩 Navigating to Add Employee page
[2026-06-07 07:00:11] 🧩 Entering employee details: Aarav Kapoor
[2026-06-07 07:00:23] 🧩 Navigating to Admin → User Management
[2026-06-07 07:00:24] 🧩 Entering employee name
[2026-06-07 07:00:26] 🧩 Entering username: user_vqeinu
[2026-06-07 07:00:57] 🧩 Navigating to Admin → User Management
[2026-06-07 07:00:58] 🧩 Filling user details
[2026-06-07 07:01:32] 🧩 Navigating to Apply Leave page
[2026-06-07 07:01:34] 🧩 Selecting leave type and date
[2026-06-07 07:02:07] 🧩 Navigating to Employee List page
[2026-06-07 07:02:09] 🧩 Searching for employee to delete: John
[2026-06-07 07:02:33] 🧩 Navigating to Employee Search page
[2026-06-07 07:17:06] 🧩 Navigating to Add Employee page
[2026-06-07 07:17:09] 🧩 Entering employee details: Reyansh Sharma
[2026-06-07 07:17:09] 🧩 Saving employee record
[2026-06-07 07:17:10] 🧩 Verifying success message
[2026-06-07 07:17:22] 🧩 Navigating to Admin → User Management
[2026-06-07 07:17:57] 🧩 Navigating to Admin → User Management
[2026-06-07 07:18:30] 🧩 Navigating to Apply Leave page
[2026-06-07 07:18:32] 🧩 Selecting leave type and date
[2026-06-07 07:19:13] 🧩 Navigating to Employee List page
[2026-06-07 07:19:17] 🧩 Searching for employee to delete: John
[2026-06-07 07:19:42] 🧩 Navigating to Employee Search page
[2026-06-07 07:22:59] 🧩 Navigating to Add Employee page
[2026-06-07 07:23:01] 🧩 Entering employee details: Vivaan Rao
[2026-06-07 07:23:02] 🧩 Saving employee record
[2026-06-07 07:23:02] 🧩 Verifying success message
[2026-06-07 07:23:17] 🧩 Navigating to Admin → User Management
[2026-06-07 07:23:52] 🧩 Navigating to Admin → User Management
[2026-06-07 07:24:26] 🧩 Navigating to Apply Leave page
[2026-06-07 07:24:28] 🧩 Selecting leave type and date
[2026-06-07 07:25:00] 🧩 Navigating to Employee List page
[2026-06-07 07:25:03] 🧩 Searching for employee to delete: John
[2026-06-07 07:25:03] 🧩 Deleting employee
[2026-06-07 07:25:28] 🧩 Navigating to Employee Search page
[2026-06-07 07:25:30] 🧩 Searching for employee: John
[2026-06-07 07:25:31] 🧩 Verifying search results
[2026-06-07 07:30:09] 🧩 Navigating to Add Employee page
[2026-06-07 07:30:11] 🧩 Entering employee details: Reyansh Nair
[2026-06-07 07:30:11] 🧩 Saving employee record
[2026-06-07 07:30:12] 🧩 Verifying success message
[2026-06-07 07:30:25] 🧩 Navigating to Admin → User Management
[2026-06-07 07:30:58] 🧩 Navigating to Admin → User Management
[2026-06-07 07:31:32] 🧩 Navigating to Apply Leave page
[2026-06-07 07:31:34] 🧩 Selecting leave type and date
[2026-06-07 07:32:07] 🧩 Navigating to Employee List page
[2026-06-07 07:32:09] 🧩 Searching for employee to delete: John
[2026-06-07 07:32:09] 🧩 Deleting employee
[2026-06-07 07:32:34] 🧩 Navigating to Employee Search page
[2026-06-07 07:32:36] 🧩 Searching for employee: John
[2026-06-07 07:32:37] 🧩 Verifying search results
[2026-06-07 07:49:06] 🧩 Navigating to Admin → User Management
[2026-06-07 07:49:34] 🧩 Navigating to Admin → User Management
[2026-06-07 07:50:02] 🧩 Navigating to Admin → User Management
[2026-06-07 07:50:35] 🧩 Navigating to Admin → User Management
[2026-06-07 07:51:07] 🧩 Navigating to Apply Leave page
[2026-06-07 07:51:10] 🧩 Selecting leave type and date
[2026-06-07 07:51:41] 🧩 Navigating to Apply Leave page
[2026-06-07 07:51:45] 🧩 Selecting leave type and date
[2026-06-07 07:52:15] 🧩 Navigating to Employee List page
[2026-06-07 07:52:18] 🧩 Searching for employee to delete: John
[2026-06-07 07:52:19] 🧩 Deleting employee
[2026-06-07 07:52:34] 🧩 Navigating to Employee List page
[2026-06-07 07:52:36] 🧩 Searching for employee to delete: John
[2026-06-07 07:52:37] 🧩 Deleting employee
[2026-06-07 07:53:22] 🧩 Navigating to Employee Search page
[2026-06-07 07:53:24] 🧩 Searching for employee: John
[2026-06-07 07:53:25] 🧩 Verifying search results
[2026-06-07 07:53:40] 🧩 Navigating to Employee Search page
[2026-06-07 07:53:42] 🧩 Searching for employee: John
[2026-06-07 07:53:42] 🧩 Verifying search results
[2026-06-07 10:54:02] 🧩 Navigating to Add Employee page
[2026-06-07 10:54:05] 🧩 Entering employee details: Ishaan Nair
[2026-06-07 10:54:06] 🧩 Saving employee record
[2026-06-07 10:54:06] 🧩 Verifying success message
[2026-06-07 10:55:32] 🧩 Navigating to Admin → User Management
[2026-06-07 10:56:05] 🧩 Navigating to Admin → User Management
[2026-06-07 10:56:39] 🧩 Navigating to Admin → User Management
[2026-06-07 10:57:11] 🧩 Navigating to Apply Leave page
[2026-06-07 10:57:15] 🧩 Selecting leave type and date
[2026-06-07 10:57:45] 🧩 Navigating to Apply Leave page
[2026-06-07 10:57:48] 🧩 Selecting leave type and date
[2026-06-07 10:58:18] 🧩 Navigating to Employee List page
[2026-06-07 10:58:21] 🧩 Searching for employee to delete: John
[2026-06-07 10:58:21] 🧩 Deleting employee
[2026-06-07 10:58:34] 🧩 Navigating to Employee List page
[2026-06-07 10:58:36] 🧩 Searching for employee to delete: John
[2026-06-07 10:58:37] 🧩 Deleting employee
[2026-06-07 10:59:30] 🧩 Navigating to Employee Search page
[2026-06-07 10:59:32] 🧩 Searching for employee: John
[2026-06-07 10:59:33] 🧩 Verifying search results
[2026-06-07 10:59:46] 🧩 Navigating to Employee Search page
[2026-06-07 10:59:49] 🧩 Searching for employee: John
[2026-06-07 10:59:50] 🧩 Verifying search results
[2026-06-07 11:03:45] 🧩 Navigating to Add Employee page
[2026-06-07 11:03:48] 🧩 Entering employee details: Naksh Kapoor
[2026-06-07 11:03:49] 🧩 Saving employee record
[2026-06-07 11:03:49] 🧩 Verifying success message
[2026-06-07 11:04:01] 🧩 Navigating to Admin → User Management
[2026-06-07 11:04:34] 🧩 Navigating to Admin → User Management
[2026-06-07 11:05:10] 🧩 Navigating to Apply Leave page
[2026-06-07 11:05:14] 🧩 Selecting leave type and date
[2026-06-07 11:05:42] 🧩 Navigating to Employee List page
[2026-06-07 11:05:45] 🧩 Searching for employee to delete: John
[2026-06-07 11:05:46] 🧩 Deleting employee
[2026-06-07 11:06:10] 🧩 Navigating to Employee Search page
[2026-06-07 11:06:13] 🧩 Searching for employee: John
[2026-06-07 11:06:14] 🧩 Verifying search results
[2026-06-07 11:12:35] 🧩 Navigating to Add Employee page
[2026-06-07 11:12:38] 🧩 Entering employee details: Kabir Verma
[2026-06-07 11:12:39] 🧩 Saving employee record
[2026-06-07 11:12:39] 🧩 Verifying success message
[2026-06-07 11:12:51] 🧩 Navigating to Admin → User Management
[2026-06-07 11:13:25] 🧩 Navigating to Admin → User Management
[2026-06-07 11:13:59] 🧩 Navigating to Apply Leave page
[2026-06-07 11:14:02] 🧩 Selecting leave type and date
[2026-06-07 11:14:36] 🧩 Navigating to Employee List page
[2026-06-07 11:14:39] 🧩 Searching for employee to delete: John
[2026-06-07 11:14:40] 🧩 Deleting employee
[2026-06-07 11:15:03] 🧩 Navigating to Employee Search page
[2026-06-07 11:15:05] 🧩 Searching for employee: John
[2026-06-07 11:15:06] 🧩 Verifying search results
[2026-06-07 11:34:24] 🧩 Navigating to Admin → User Management
[2026-06-07 11:34:30] 🧩 Entering employee name
[2026-06-07 11:34:42] 🧩 Navigating to Admin → User Management
[2026-06-07 11:34:49] 🧩 Filling user details
[2026-06-07 11:35:02] 🧩 Navigating to Apply Leave page
[2026-06-07 11:35:14] 🧩 Navigating to Employee List page
[2026-06-07 11:35:17] 🧩 Searching for employee to delete: John
[2026-06-07 11:35:18] 🧩 Deleting employee
[2026-06-07 11:35:41] 🧩 Navigating to Employee Search page
[2026-06-07 11:35:44] 🧩 Searching for employee: John
[2026-06-07 11:35:45] 🧩 Verifying search results
[2026-06-07 13:54:29] 🧩 Navigating to Add Employee page
[2026-06-07 13:54:29] 🧩 Navigating to Admin → User Management
[2026-06-07 13:54:31] 🧩 Entering employee details: Ishaan Verma
[2026-06-07 13:54:36] 🧩 Entering employee name
[2026-06-07 13:54:44] 🧩 Navigating to Admin → User Management
[2026-06-07 13:54:51] 🧩 Filling user details
[2026-06-07 13:54:53] 🧩 Navigating to Apply Leave page
[2026-06-07 13:55:06] 🧩 Navigating to Employee List page
[2026-06-07 13:55:08] 🧩 Searching for employee to delete: John
[2026-06-07 13:55:09] 🧩 Deleting employee
[2026-06-07 13:55:21] 🧩 Navigating to Employee Search page
[2026-06-07 13:55:23] 🧩 Searching for employee: John
[2026-06-07 13:55:24] 🧩 Verifying search results
[2026-06-07 13:59:01] 🧩 Navigating to Add Employee page
[2026-06-07 13:59:09] 🧩 Entering employee details: Advik Mehta
[2026-06-07 14:02:00] 🧩 Navigating to Add Employee page
[2026-06-07 14:02:03] 🧩 Entering employee details: Kabir Nair
[2026-06-08 07:13:04] 🧩 Navigating to Admin → User Management
[2026-06-08 07:13:34] 🧩 Navigating to Admin → User Management
[2026-06-08 07:14:39] 🧩 Navigating to Employee List page
[2026-06-08 07:15:34] 🧩 Navigating to Employee Search page
[2026-06-08 07:36:47] 🧩 Navigating to Admin → User Management
[2026-06-08 07:36:51] 🧩 Entering username
[2026-06-08 07:37:16] 🧩 Navigating to Admin → User Management
[2026-06-08 07:37:20] 🧩 Filling user details
[2026-06-08 07:37:30] 🧩 Navigating to Apply Leave page
[2026-06-08 07:37:33] 🧩 Selecting leave type and date
[2026-06-08 07:38:05] 🧩 Navigating to Employee List page
[2026-06-08 07:38:46] 🧩 Navigating to Employee Search page
